#
# There is insufficient memory for the Java Runtime Environment to continue.
# Native memory allocation (malloc) failed to allocate 32744 bytes for ChunkPool::allocate
# Possible reasons:
#   The system is out of physical RAM or swap space
#   In 32 bit mode, the process size limit was hit
# Possible solutions:
#   Reduce memory load on the system
#   Increase physical memory or swap space
#   Check if swap backing store is full
#   Use 64 bit Java on a 64 bit OS
#   Decrease Java heap size (-Xmx/-Xms)
#   Decrease number of Java threads
#   Decrease Java thread stack sizes (-Xss)
#   Set larger code cache with -XX:ReservedCodeCacheSize=
# This output file may be truncated or incomplete.
#
#  Out of Memory Error (allocation.cpp:273), pid=21604, tid=0x0000000000003144
#
# JRE version: Java(TM) SE Runtime Environment (8.0_112-b15) (build 1.8.0_112-b15)
# Java VM: Java HotSpot(TM) 64-Bit Server VM (25.112-b15 mixed mode windows-amd64 compressed oops)
# Failed to write core dump. Minidumps are not enabled by default on client versions of Windows
#

---------------  T H R E A D  ---------------

Current thread (0x0000000017d92000):  JavaThread "C2 CompilerThread1" daemon [_thread_in_native, id=12612, stack(0x0000000019ac0000,0x0000000019bc0000)]

Stack: [0x0000000019ac0000,0x0000000019bc0000]
[error occurred during error reporting (printing stack bounds), id 0xc0000005]

Native frames: (J=compiled Java code, j=interpreted, Vv=VM code, C=native code)


Current CompileTask:
C2: 103921 4999   !   4       org.springframework.core.annotation.AnnotationUtils::getRepeatableAnnotations (54 bytes)


---------------  P R O C E S S  ---------------

Java Threads: ( => current thread )
  0x0000000020629000 JavaThread "http-nio-8080-exec-1" daemon [_thread_in_vm, id=11352, stack(0x0000000025ba0000,0x0000000025ca0000)]
  0x0000000020623000 JavaThread "DestroyJavaVM" [_thread_blocked, id=6284, stack(0x0000000002f30000,0x0000000003030000)]
  0x0000000020626000 JavaThread "http-nio-8080-Acceptor-0" daemon [_thread_in_native, id=24020, stack(0x0000000025aa0000,0x0000000025ba0000)]
  0x0000000020623800 JavaThread "http-nio-8080-ClientPoller-1" daemon [_thread_in_native, id=34036, stack(0x00000000259a0000,0x0000000025aa0000)]
  0x0000000020621800 JavaThread "http-nio-8080-ClientPoller-0" daemon [_thread_in_native, id=24396, stack(0x00000000258a0000,0x00000000259a0000)]
  0x0000000020628000 JavaThread "NioBlockingSelector.BlockPoller-1" daemon [_thread_in_native, id=26276, stack(0x00000000257a0000,0x00000000258a0000)]
  0x000000001c727000 JavaThread "pool-2-thread-1" [_thread_blocked, id=8204, stack(0x00000000256a0000,0x00000000257a0000)]
  0x000000001c728000 JavaThread "Live Reload Server" daemon [_thread_in_native, id=3064, stack(0x0000000024ff0000,0x00000000250f0000)]
  0x000000001c726800 JavaThread "File Watcher" daemon [_thread_blocked, id=28560, stack(0x0000000024df0000,0x0000000024ef0000)]
  0x000000001c724000 JavaThread "Thread-6" [_thread_in_native, id=35804, stack(0x00000000248e0000,0x00000000249e0000)]
  0x000000001c725000 JavaThread "MySQL Statement Cancellation Timer" daemon [_thread_blocked, id=22472, stack(0x00000000247e0000,0x00000000248e0000)]
  0x000000001c722800 JavaThread "Abandoned connection cleanup thread" daemon [_thread_blocked, id=34012, stack(0x0000000022710000,0x0000000022810000)]
  0x000000001c722000 JavaThread "Tomcat JDBC Pool Cleaner[414493378:1502866579582]" daemon [_thread_blocked, id=21120, stack(0x0000000022610000,0x0000000022710000)]
  0x000000001ab42000 JavaThread "container-0" [_thread_blocked, id=2388, stack(0x0000000022510000,0x0000000022610000)]
  0x000000001b912000 JavaThread "ContainerBackgroundProcessor[StandardEngine[Tomcat].StandardHost[localhost].StandardContext[]]" daemon [_thread_blocked, id=20620, stack(0x000000001ff60000,0x0000000020060000)]
  0x0000000019196000 JavaThread "Service Thread" daemon [_thread_blocked, id=17472, stack(0x0000000019cc0000,0x0000000019dc0000)]
  0x0000000017d92800 JavaThread "C1 CompilerThread2" daemon [_thread_blocked, id=35780, stack(0x0000000019bc0000,0x0000000019cc0000)]
=>0x0000000017d92000 JavaThread "C2 CompilerThread1" daemon [_thread_in_native, id=12612, stack(0x0000000019ac0000,0x0000000019bc0000)]
  0x0000000017d8b800 JavaThread "C2 CompilerThread0" daemon [_thread_in_native, id=12148, stack(0x00000000199c0000,0x0000000019ac0000)]
  0x0000000017d80800 JavaThread "JDWP Command Reader" daemon [_thread_in_native, id=2008, stack(0x00000000198c0000,0x00000000199c0000)]
  0x0000000017d7d000 JavaThread "JDWP Event Helper Thread" daemon [_thread_blocked, id=20436, stack(0x00000000197c0000,0x00000000198c0000)]
  0x0000000017d6f800 JavaThread "JDWP Transport Listener: dt_socket" daemon [_thread_blocked, id=11680, stack(0x00000000196c0000,0x00000000197c0000)]
  0x0000000017d67000 JavaThread "Attach Listener" daemon [_thread_blocked, id=30764, stack(0x00000000195c0000,0x00000000196c0000)]
  0x0000000017d53000 JavaThread "Signal Dispatcher" daemon [_thread_blocked, id=29916, stack(0x00000000194c0000,0x00000000195c0000)]
  0x0000000017d30000 JavaThread "Finalizer" daemon [_thread_blocked, id=4044, stack(0x0000000018fc0000,0x00000000190c0000)]
  0x00000000031f5000 JavaThread "Reference Handler" daemon [_thread_blocked, id=6364, stack(0x0000000018ec0000,0x0000000018fc0000)]

Other Threads:
  0x0000000017d08000 VMThread [stack: 0x0000000018dc0000,0x0000000018ec0000] [id=35452]
  0x00000000191c6000 WatcherThread [stack: 0x0000000019dc0000,0x0000000019ec0000] [id=33312]

VM state:not at safepoint (normal execution)

VM Mutex/Monitor currently owned by a thread: None

Heap:
 PSYoungGen      total 208384K, used 40889K [0x00000000d5e00000, 0x00000000e6080000, 0x0000000100000000)
  eden space 194048K, 13% used [0x00000000d5e00000,0x00000000d77f7968,0x00000000e1b80000)
  from space 14336K, 99% used [0x00000000e1b80000,0x00000000e2976bd8,0x00000000e2980000)
  to   space 15872K, 0% used [0x00000000e5100000,0x00000000e5100000,0x00000000e6080000)
 ParOldGen       total 108032K, used 23373K [0x0000000081a00000, 0x0000000088380000, 0x00000000d5e00000)
  object space 108032K, 21% used [0x0000000081a00000,0x00000000830d36b0,0x0000000088380000)
 Metaspace       used 45308K, capacity 45832K, committed 46336K, reserved 1089536K
  class space    used 5383K, capacity 5525K, committed 5632K, reserved 1048576K

Card table byte_map: [0x00000000125c0000,0x00000000129c0000] byte_map_base: 0x00000000121b3000

Marking Bits: (ParMarkBitMap*) 0x00000000653ca6d0
 Begin Bits: [0x0000000013070000, 0x0000000015008000)
 End Bits:   [0x0000000015008000, 0x0000000016fa0000)

Polling page: 0x00000000012b0000

CodeCache: size=245760Kb used=18162Kb max_used=18410Kb free=227598Kb
 bounds [0x0000000003200000, 0x0000000004420000, 0x0000000012200000]
 total_blobs=4791 nmethods=4271 adapters=440
 compilation: enabled

Compilation events (10 events):
Event: 103.858 Thread 0x0000000017d92800 5014   !   3       java.net.AbstractPlainSocketImpl::isClosedOrPending (34 bytes)
Event: 103.859 Thread 0x0000000017d92800 nmethod 5014 0x00000000034c3f50 code [0x00000000034c40c0, 0x00000000034c4490]
Event: 103.859 Thread 0x0000000017d92800 5015       1       com.mysql.jdbc.ConnectionPropertiesImpl::getUseOldUTF8Behavior (5 bytes)
Event: 103.859 Thread 0x0000000017d92800 nmethod 5015 0x000000000332c1d0 code [0x000000000332c320, 0x000000000332c430]
Event: 103.859 Thread 0x0000000017d92800 5017       3       org.apache.ibatis.type.TypeHandlerRegistry::getTypeHandler (107 bytes)
Event: 103.862 Thread 0x0000000017d92800 nmethod 5017 0x00000000035b7f90 code [0x00000000035b81a0, 0x00000000035b8e78]
Event: 103.862 Thread 0x0000000017d92800 5016       3       com.mysql.jdbc.ResultSetMetaData::getField (38 bytes)
Event: 103.865 Thread 0x0000000017d92800 nmethod 5016 0x000000000342eb50 code [0x000000000342ece0, 0x000000000342ef58]
Event: 103.865 Thread 0x0000000017d92800 5018   !   3       com.mysql.jdbc.Field::getStringFromBytes (205 bytes)
Event: 103.876 Thread 0x0000000017d92800 nmethod 5018 0x0000000003d1a990 code [0x0000000003d1ad60, 0x0000000003d1d2f8]

GC Heap History (10 events):
Event: 18.233 GC heap before
{Heap before GC invocations=7 (full 1):
 PSYoungGen      total 143360K, used 8071K [0x00000000d5e00000, 0x00000000df400000, 0x0000000100000000)
  eden space 133120K, 0% used [0x00000000d5e00000,0x00000000d5e00000,0x00000000de000000)
  from space 10240K, 78% used [0x00000000dea00000,0x00000000df1e1e28,0x00000000df400000)
  to   space 10240K, 0% used [0x00000000de000000,0x00000000de000000,0x00000000dea00000)
 ParOldGen       total 87552K, used 12140K [0x0000000081a00000, 0x0000000086f80000, 0x00000000d5e00000)
  object space 87552K, 13% used [0x0000000081a00000,0x00000000825db0d8,0x0000000086f80000)
 Metaspace       used 20802K, capacity 21040K, committed 21296K, reserved 1069056K
  class space    used 2538K, capacity 2591K, committed 2688K, reserved 1048576K
Event: 18.512 GC heap after
Heap after GC invocations=7 (full 1):
 PSYoungGen      total 143360K, used 0K [0x00000000d5e00000, 0x00000000df400000, 0x0000000100000000)
  eden space 133120K, 0% used [0x00000000d5e00000,0x00000000d5e00000,0x00000000de000000)
  from space 10240K, 0% used [0x00000000dea00000,0x00000000dea00000,0x00000000df400000)
  to   space 10240K, 0% used [0x00000000de000000,0x00000000de000000,0x00000000dea00000)
 ParOldGen       total 65536K, used 11268K [0x0000000081a00000, 0x0000000085a00000, 0x00000000d5e00000)
  object space 65536K, 17% used [0x0000000081a00000,0x0000000082501008,0x0000000085a00000)
 Metaspace       used 20802K, capacity 21040K, committed 21296K, reserved 1069056K
  class space    used 2538K, capacity 2591K, committed 2688K, reserved 1048576K
}
Event: 28.791 GC heap before
{Heap before GC invocations=8 (full 1):
 PSYoungGen      total 143360K, used 133120K [0x00000000d5e00000, 0x00000000df400000, 0x0000000100000000)
  eden space 133120K, 100% used [0x00000000d5e00000,0x00000000de000000,0x00000000de000000)
  from space 10240K, 0% used [0x00000000dea00000,0x00000000dea00000,0x00000000df400000)
  to   space 10240K, 0% used [0x00000000de000000,0x00000000de000000,0x00000000dea00000)
 ParOldGen       total 65536K, used 11268K [0x0000000081a00000, 0x0000000085a00000, 0x00000000d5e00000)
  object space 65536K, 17% used [0x0000000081a00000,0x0000000082501008,0x0000000085a00000)
 Metaspace       used 28786K, capacity 29098K, committed 29440K, reserved 1075200K
  class space    used 3466K, capacity 3534K, committed 3584K, reserved 1048576K
Event: 28.845 GC heap after
Heap after GC invocations=8 (full 1):
 PSYoungGen      total 143360K, used 10225K [0x00000000d5e00000, 0x00000000e3500000, 0x0000000100000000)
  eden space 133120K, 0% used [0x00000000d5e00000,0x00000000d5e00000,0x00000000de000000)
  from space 10240K, 99% used [0x00000000de000000,0x00000000de9fc6c8,0x00000000dea00000)
  to   space 11776K, 0% used [0x00000000e2980000,0x00000000e2980000,0x00000000e3500000)
 ParOldGen       total 65536K, used 12406K [0x0000000081a00000, 0x0000000085a00000, 0x00000000d5e00000)
  object space 65536K, 18% used [0x0000000081a00000,0x000000008261d8f0,0x0000000085a00000)
 Metaspace       used 28786K, capacity 29098K, committed 29440K, reserved 1075200K
  class space    used 3466K, capacity 3534K, committed 3584K, reserved 1048576K
}
Event: 33.929 GC heap before
{Heap before GC invocations=9 (full 1):
 PSYoungGen      total 143360K, used 95968K [0x00000000d5e00000, 0x00000000e3500000, 0x0000000100000000)
  eden space 133120K, 64% used [0x00000000d5e00000,0x00000000db1bbab0,0x00000000de000000)
  from space 10240K, 99% used [0x00000000de000000,0x00000000de9fc6c8,0x00000000dea00000)
  to   space 11776K, 0% used [0x00000000e2980000,0x00000000e2980000,0x00000000e3500000)
 ParOldGen       total 65536K, used 12406K [0x0000000081a00000, 0x0000000085a00000, 0x00000000d5e00000)
  object space 65536K, 18% used [0x0000000081a00000,0x000000008261d8f0,0x0000000085a00000)
 Metaspace       used 34959K, capacity 35228K, committed 35456K, reserved 1081344K
  class space    used 4153K, capacity 4209K, committed 4224K, reserved 1048576K
Event: 33.991 GC heap after
Heap after GC invocations=9 (full 1):
 PSYoungGen      total 205824K, used 11760K [0x00000000d5e00000, 0x00000000e3900000, 0x0000000100000000)
  eden space 194048K, 0% used [0x00000000d5e00000,0x00000000d5e00000,0x00000000e1b80000)
  from space 11776K, 99% used [0x00000000e2980000,0x00000000e34fc248,0x00000000e3500000)
  to   space 14336K, 0% used [0x00000000e1b80000,0x00000000e1b80000,0x00000000e2980000)
 ParOldGen       total 65536K, used 15386K [0x0000000081a00000, 0x0000000085a00000, 0x00000000d5e00000)
  object space 65536K, 23% used [0x0000000081a00000,0x00000000829069d8,0x0000000085a00000)
 Metaspace       used 34959K, capacity 35228K, committed 35456K, reserved 1081344K
  class space    used 4153K, capacity 4209K, committed 4224K, reserved 1048576K
}
Event: 33.991 GC heap before
{Heap before GC invocations=10 (full 2):
 PSYoungGen      total 205824K, used 11760K [0x00000000d5e00000, 0x00000000e3900000, 0x0000000100000000)
  eden space 194048K, 0% used [0x00000000d5e00000,0x00000000d5e00000,0x00000000e1b80000)
  from space 11776K, 99% used [0x00000000e2980000,0x00000000e34fc248,0x00000000e3500000)
  to   space 14336K, 0% used [0x00000000e1b80000,0x00000000e1b80000,0x00000000e2980000)
 ParOldGen       total 65536K, used 15386K [0x0000000081a00000, 0x0000000085a00000, 0x00000000d5e00000)
  object space 65536K, 23% used [0x0000000081a00000,0x00000000829069d8,0x0000000085a00000)
 Metaspace       used 34959K, capacity 35228K, committed 35456K, reserved 1081344K
  class space    used 4153K, capacity 4209K, committed 4224K, reserved 1048576K
Event: 34.411 GC heap after
Heap after GC invocations=10 (full 2):
 PSYoungGen      total 205824K, used 0K [0x00000000d5e00000, 0x00000000e3900000, 0x0000000100000000)
  eden space 194048K, 0% used [0x00000000d5e00000,0x00000000d5e00000,0x00000000e1b80000)
  from space 11776K, 0% used [0x00000000e2980000,0x00000000e2980000,0x00000000e3500000)
  to   space 14336K, 0% used [0x00000000e1b80000,0x00000000e1b80000,0x00000000e2980000)
 ParOldGen       total 108032K, used 23365K [0x0000000081a00000, 0x0000000088380000, 0x00000000d5e00000)
  object space 108032K, 21% used [0x0000000081a00000,0x00000000830d16b0,0x0000000088380000)
 Metaspace       used 34959K, capacity 35228K, committed 35456K, reserved 1081344K
  class space    used 4153K, capacity 4209K, committed 4224K, reserved 1048576K
}
Event: 73.874 GC heap before
{Heap before GC invocations=11 (full 2):
 PSYoungGen      total 205824K, used 194048K [0x00000000d5e00000, 0x00000000e3900000, 0x0000000100000000)
  eden space 194048K, 100% used [0x00000000d5e00000,0x00000000e1b80000,0x00000000e1b80000)
  from space 11776K, 0% used [0x00000000e2980000,0x00000000e2980000,0x00000000e3500000)
  to   space 14336K, 0% used [0x00000000e1b80000,0x00000000e1b80000,0x00000000e2980000)
 ParOldGen       total 108032K, used 23365K [0x0000000081a00000, 0x0000000088380000, 0x00000000d5e00000)
  object space 108032K, 21% used [0x0000000081a00000,0x00000000830d16b0,0x0000000088380000)
 Metaspace       used 43271K, capacity 43732K, committed 44288K, reserved 1087488K
  class space    used 5179K, capacity 5288K, committed 5376K, reserved 1048576K
Event: 73.922 GC heap after
Heap after GC invocations=11 (full 2):
 PSYoungGen      total 208384K, used 14298K [0x00000000d5e00000, 0x00000000e6080000, 0x0000000100000000)
  eden space 194048K, 0% used [0x00000000d5e00000,0x00000000d5e00000,0x00000000e1b80000)
  from space 14336K, 99% used [0x00000000e1b80000,0x00000000e2976bd8,0x00000000e2980000)
  to   space 15872K, 0% used [0x00000000e5100000,0x00000000e5100000,0x00000000e6080000)
 ParOldGen       total 108032K, used 23373K [0x0000000081a00000, 0x0000000088380000, 0x00000000d5e00000)
  object space 108032K, 21% used [0x0000000081a00000,0x00000000830d36b0,0x0000000088380000)
 Metaspace       used 43271K, capacity 43732K, committed 44288K, reserved 1087488K
  class space    used 5179K, capacity 5288K, committed 5376K, reserved 1048576K
}

Deoptimization events (10 events):
Event: 42.182 Thread 0x000000001b296000 Uncommon trap: reason=unstable_if action=reinterpret pc=0x00000000040a3ff8 method=java.lang.Class.getEnclosingMethodInfo()Ljava/lang/Class$EnclosingMethodInfo; @ 6
Event: 42.182 Thread 0x000000001b296000 Uncommon trap: reason=null_assert action=make_not_entrant pc=0x0000000004033a3c method=java.lang.Class.getEnclosingClass()Ljava/lang/Class; @ 4
Event: 44.829 Thread 0x000000001b296000 Uncommon trap: reason=unstable_if action=reinterpret pc=0x0000000003e89208 method=org.springframework.util.ConcurrentReferenceHashMap$Segment.clear()V @ 4
Event: 44.829 Thread 0x000000001b296000 Uncommon trap: reason=unstable_if action=reinterpret pc=0x00000000037b0014 method=org.springframework.util.ConcurrentReferenceHashMap$Segment.clear()V @ 4
Event: 44.836 Thread 0x000000001b296000 Uncommon trap: reason=unstable_if action=reinterpret pc=0x00000000034222a8 method=org.springframework.util.ConcurrentReferenceHashMap$Segment.restructureIfNecessary(Z)V @ 33
Event: 59.659 Thread 0x000000001b912000 Uncommon trap: reason=predicate action=maybe_recompile pc=0x0000000003fb50fc method=java.util.AbstractCollection.addAll(Ljava/util/Collection;)Z @ 18
Event: 74.370 Thread 0x000000001c727000 Uncommon trap: reason=bimorphic action=maybe_recompile pc=0x0000000003fa57f4 method=java.lang.ClassLoader.loadClass(Ljava/lang/String;Z)Ljava/lang/Class; @ 2
Event: 74.370 Thread 0x000000001c727000 Uncommon trap: reason=bimorphic action=maybe_recompile pc=0x0000000003fa57f4 method=java.lang.ClassLoader.loadClass(Ljava/lang/String;Z)Ljava/lang/Class; @ 2
Event: 74.378 Thread 0x000000001c727000 Uncommon trap: reason=bimorphic action=maybe_recompile pc=0x0000000003fa57f4 method=java.lang.ClassLoader.loadClass(Ljava/lang/String;Z)Ljava/lang/Class; @ 2
Event: 74.378 Thread 0x000000001c727000 Uncommon trap: reason=bimorphic action=maybe_recompile pc=0x0000000003fa57f4 method=java.lang.ClassLoader.loadClass(Ljava/lang/String;Z)Ljava/lang/Class; @ 2

Internal exceptions (10 events):
Event: 103.337 Thread 0x0000000020629000 Exception <a 'java/lang/ClassNotFoundException': java/lang/ObjectCustomizer> (0x00000000d738d3c8) thrown at [C:\re\workspace\8-2-build-windows-amd64-cygwin\jdk8u112\7884\hotspot\src\share\vm\classfile\systemDictionary.cpp, line 210]
Event: 103.342 Thread 0x0000000020629000 Exception <a 'java/lang/ClassNotFoundException': org/springframework/web/servlet/i18n/AcceptHeaderLocaleResolverCustomizer> (0x00000000d73af508) thrown at [C:\re\workspace\8-2-build-windows-amd64-cygwin\jdk8u112\7884\hotspot\src\share\vm\classfile\systemD
Event: 103.354 Thread 0x0000000020629000 Exception <a 'java/lang/ClassNotFoundException': java/lang/ObjectCustomizer> (0x00000000d73ee6c8) thrown at [C:\re\workspace\8-2-build-windows-amd64-cygwin\jdk8u112\7884\hotspot\src\share\vm\classfile\systemDictionary.cpp, line 210]
Event: 103.359 Thread 0x0000000020629000 Exception <a 'java/lang/ClassNotFoundException': org/springframework/web/servlet/theme/AbstractThemeResolverCustomizer> (0x00000000d740ef10) thrown at [C:\re\workspace\8-2-build-windows-amd64-cygwin\jdk8u112\7884\hotspot\src\share\vm\classfile\systemDicti
Event: 103.363 Thread 0x0000000020629000 Exception <a 'java/lang/ClassNotFoundException': org/springframework/web/servlet/theme/FixedThemeResolverCustomizer> (0x00000000d742e1b8) thrown at [C:\re\workspace\8-2-build-windows-amd64-cygwin\jdk8u112\7884\hotspot\src\share\vm\classfile\systemDictiona
Event: 103.386 Thread 0x0000000020629000 Exception <a 'java/lang/ClassNotFoundException': java/lang/ObjectCustomizer> (0x00000000d74814c8) thrown at [C:\re\workspace\8-2-build-windows-amd64-cygwin\jdk8u112\7884\hotspot\src\share\vm\classfile\systemDictionary.cpp, line 210]
Event: 103.396 Thread 0x0000000020629000 Exception <a 'java/lang/ClassNotFoundException': org/springframework/web/servlet/view/DefaultRequestToViewNameTranslatorCustomizer> (0x00000000d74a4db8) thrown at [C:\re\workspace\8-2-build-windows-amd64-cygwin\jdk8u112\7884\hotspot\src\share\vm\classfile
Event: 103.448 Thread 0x0000000020629000 Exception <a 'java/lang/ClassNotFoundException': java/lang/ObjectCustomizer> (0x00000000d751c648) thrown at [C:\re\workspace\8-2-build-windows-amd64-cygwin\jdk8u112\7884\hotspot\src\share\vm\classfile\systemDictionary.cpp, line 210]
Event: 103.458 Thread 0x0000000020629000 Exception <a 'java/lang/ClassNotFoundException': org/springframework/web/servlet/support/AbstractFlashMapManagerCustomizer> (0x00000000d753db90) thrown at [C:\re\workspace\8-2-build-windows-amd64-cygwin\jdk8u112\7884\hotspot\src\share\vm\classfile\systemD
Event: 103.472 Thread 0x0000000020629000 Exception <a 'java/lang/ClassNotFoundException': org/springframework/web/servlet/support/SessionFlashMapManagerCustomizer> (0x00000000d7562fa0) thrown at [C:\re\workspace\8-2-build-windows-amd64-cygwin\jdk8u112\7884\hotspot\src\share\vm\classfile\systemDi

Events (10 events):
Event: 103.827 Thread 0x0000000020629000 DEOPT PACKING pc=0x0000000003403b81 sp=0x0000000025c9c8f0
Event: 103.827 Thread 0x0000000020629000 DEOPT UNPACKING pc=0x000000000324787f sp=0x0000000025c9c640 mode 1
Event: 103.827 Thread 0x0000000020629000 DEOPT PACKING pc=0x0000000003800abc sp=0x0000000025c9c970
Event: 103.827 Thread 0x0000000020629000 DEOPT UNPACKING pc=0x000000000324787f sp=0x0000000025c9c6c0 mode 1
Event: 103.827 Thread 0x0000000020629000 DEOPT PACKING pc=0x00000000036957bc sp=0x0000000025c9c9f0
Event: 103.827 Thread 0x0000000020629000 DEOPT UNPACKING pc=0x000000000324787f sp=0x0000000025c9c7b8 mode 1
Event: 103.852 Executing VM operation: RevokeBias
Event: 103.852 Executing VM operation: RevokeBias done
Event: 103.863 Executing VM operation: RevokeBias
Event: 103.863 Executing VM operation: RevokeBias done


Dynamic libraries:
0x00007ff6b50b0000 - 0x00007ff6b50e7000 	C:\Program Files\Java\jdk1.8.0_112\bin\java.exe
0x00007ff94cbf0000 - 0x00007ff94cdc1000 	C:\WINDOWS\SYSTEM32\ntdll.dll
0x00007ff94a630000 - 0x00007ff94a6dc000 	C:\WINDOWS\System32\KERNEL32.DLL
0x00007ff949d40000 - 0x00007ff949f5d000 	C:\WINDOWS\System32\KERNELBASE.dll
0x00007ff94a760000 - 0x00007ff94a802000 	C:\WINDOWS\System32\ADVAPI32.dll
0x00007ff94ab40000 - 0x00007ff94abde000 	C:\WINDOWS\System32\msvcrt.dll
0x00007ff94b090000 - 0x00007ff94b0e9000 	C:\WINDOWS\System32\sechost.dll
0x00007ff94a810000 - 0x00007ff94a931000 	C:\WINDOWS\System32\RPCRT4.dll
0x00007ff94abe0000 - 0x00007ff94ad45000 	C:\WINDOWS\System32\USER32.dll
0x00007ff949f60000 - 0x00007ff949f7e000 	C:\WINDOWS\System32\win32u.dll
0x00007ff94ad50000 - 0x00007ff94ad84000 	C:\WINDOWS\System32\GDI32.dll
0x00007ff949a60000 - 0x00007ff949be0000 	C:\WINDOWS\System32\gdi32full.dll
0x00007ff93c3f0000 - 0x00007ff93c66a000 	C:\WINDOWS\WinSxS\amd64_microsoft.windows.common-controls_6595b64144ccf1df_6.0.14393.953_none_42151e83c686086b\COMCTL32.dll
0x00007ff94c8c0000 - 0x00007ff94cb88000 	C:\WINDOWS\System32\combase.dll
0x00007ff949c40000 - 0x00007ff949d35000 	C:\WINDOWS\System32\ucrtbase.dll
0x00007ff9499f0000 - 0x00007ff949a5a000 	C:\WINDOWS\System32\bcryptPrimitives.dll
0x00007ff94aff0000 - 0x00007ff94b01e000 	C:\WINDOWS\System32\IMM32.DLL
0x0000000065f50000 - 0x0000000066022000 	C:\Program Files\Java\jdk1.8.0_112\jre\bin\msvcr100.dll
0x0000000064bb0000 - 0x000000006544a000 	C:\Program Files\Java\jdk1.8.0_112\jre\bin\server\jvm.dll
0x00007ff94b3a0000 - 0x00007ff94b3a8000 	C:\WINDOWS\System32\PSAPI.DLL
0x00007ff940470000 - 0x00007ff940479000 	C:\WINDOWS\SYSTEM32\WSOCK32.dll
0x00007ff94b020000 - 0x00007ff94b08a000 	C:\WINDOWS\System32\WS2_32.dll
0x00007ff947270000 - 0x00007ff947293000 	C:\WINDOWS\SYSTEM32\WINMM.dll
0x00007ff93a300000 - 0x00007ff93a30a000 	C:\WINDOWS\SYSTEM32\VERSION.dll
0x00007ff947240000 - 0x00007ff94726b000 	C:\WINDOWS\SYSTEM32\WINMMBASE.dll
0x00007ff9492c0000 - 0x00007ff949302000 	C:\WINDOWS\System32\cfgmgr32.dll
0x0000000065e40000 - 0x0000000065e4f000 	C:\Program Files\Java\jdk1.8.0_112\jre\bin\verify.dll
0x0000000065a30000 - 0x0000000065a59000 	C:\Program Files\Java\jdk1.8.0_112\jre\bin\java.dll
0x0000000065770000 - 0x00000000657a5000 	C:\Program Files\Java\jdk1.8.0_112\jre\bin\jdwp.dll
0x0000000065e30000 - 0x0000000065e38000 	C:\Program Files\Java\jdk1.8.0_112\jre\bin\npt.dll
0x0000000065a10000 - 0x0000000065a26000 	C:\Program Files\Java\jdk1.8.0_112\jre\bin\zip.dll
0x00007ff94b3b0000 - 0x00007ff94c8b8000 	C:\WINDOWS\System32\SHELL32.dll
0x00007ff949310000 - 0x00007ff9499ea000 	C:\WINDOWS\System32\windows.storage.dll
0x00007ff949080000 - 0x00007ff9490cc000 	C:\WINDOWS\System32\powrprof.dll
0x00007ff94a5d0000 - 0x00007ff94a622000 	C:\WINDOWS\System32\shlwapi.dll
0x00007ff9490e0000 - 0x00007ff9490ef000 	C:\WINDOWS\System32\kernel.appcore.dll
0x00007ff94a030000 - 0x00007ff94a0d9000 	C:\WINDOWS\System32\shcore.dll
0x00007ff949060000 - 0x00007ff949074000 	C:\WINDOWS\System32\profapi.dll
0x0000000065a00000 - 0x0000000065a09000 	C:\Program Files\Java\jdk1.8.0_112\jre\bin\dt_socket.dll
0x00007ff948900000 - 0x00007ff94895c000 	C:\WINDOWS\system32\mswsock.dll
0x0000000065720000 - 0x000000006572d000 	C:\Program Files\Java\jdk1.8.0_112\jre\bin\management.dll
0x0000000065750000 - 0x000000006576a000 	C:\Program Files\Java\jdk1.8.0_112\jre\bin\net.dll
0x00007ff93b7a0000 - 0x00007ff93b7b6000 	C:\WINDOWS\system32\napinsp.dll
0x00007ff93b7c0000 - 0x00007ff93b7da000 	C:\WINDOWS\system32\pnrpnsp.dll
0x00007ff946cf0000 - 0x00007ff946d08000 	C:\WINDOWS\system32\NLAapi.dll
0x00007ff9486c0000 - 0x00007ff948761000 	C:\WINDOWS\SYSTEM32\DNSAPI.dll
0x00007ff94a750000 - 0x00007ff94a758000 	C:\WINDOWS\System32\NSI.dll
0x00007ff948680000 - 0x00007ff9486b8000 	C:\WINDOWS\SYSTEM32\IPHLPAPI.DLL
0x00007ff93b810000 - 0x00007ff93b81e000 	C:\WINDOWS\System32\winrnr.dll
0x00007ff940460000 - 0x00007ff94046a000 	C:\Windows\System32\rasadhlp.dll
0x00007ff941930000 - 0x00007ff94199a000 	C:\WINDOWS\System32\fwpuclnt.dll
0x00007ff948fa0000 - 0x00007ff948fcb000 	C:\WINDOWS\SYSTEM32\bcrypt.dll
0x0000000065730000 - 0x0000000065741000 	C:\Program Files\Java\jdk1.8.0_112\jre\bin\nio.dll
0x00007ff948aa0000 - 0x00007ff948ab7000 	C:\WINDOWS\SYSTEM32\CRYPTSP.dll
0x00007ff948500000 - 0x00007ff948533000 	C:\WINDOWS\system32\rsaenh.dll
0x00007ff948790000 - 0x00007ff9487af000 	C:\WINDOWS\SYSTEM32\USERENV.dll
0x00007ff948ac0000 - 0x00007ff948acb000 	C:\WINDOWS\SYSTEM32\CRYPTBASE.dll
0x00007ff944cd0000 - 0x00007ff944ce6000 	C:\WINDOWS\SYSTEM32\dhcpcsvc6.DLL
0x00007ff943b70000 - 0x00007ff943b8a000 	C:\WINDOWS\SYSTEM32\dhcpcsvc.DLL
0x00000000656f0000 - 0x0000000065714000 	C:\Program Files\Java\jdk1.8.0_112\jre\bin\sunec.dll

VM Arguments:
jvm_args: -agentlib:jdwp=transport=dt_socket,address=127.0.0.1:12302,suspend=y,server=n -Dspring.output.ansi.enabled=always -Dfile.encoding=UTF-8 
java_command: zhku.peishen.toutiao.ToutiaoApplication
java_class_path (initial): C:\Program Files\Java\jdk1.8.0_112\jre\lib\charsets.jar;C:\Program Files\Java\jdk1.8.0_112\jre\lib\deploy.jar;C:\Program Files\Java\jdk1.8.0_112\jre\lib\ext\access-bridge-64.jar;C:\Program Files\Java\jdk1.8.0_112\jre\lib\ext\cldrdata.jar;C:\Program Files\Java\jdk1.8.0_112\jre\lib\ext\dnsns.jar;C:\Program Files\Java\jdk1.8.0_112\jre\lib\ext\jaccess.jar;C:\Program Files\Java\jdk1.8.0_112\jre\lib\ext\jfxrt.jar;C:\Program Files\Java\jdk1.8.0_112\jre\lib\ext\localedata.jar;C:\Program Files\Java\jdk1.8.0_112\jre\lib\ext\nashorn.jar;C:\Program Files\Java\jdk1.8.0_112\jre\lib\ext\sunec.jar;C:\Program Files\Java\jdk1.8.0_112\jre\lib\ext\sunjce_provider.jar;C:\Program Files\Java\jdk1.8.0_112\jre\lib\ext\sunmscapi.jar;C:\Program Files\Java\jdk1.8.0_112\jre\lib\ext\sunpkcs11.jar;C:\Program Files\Java\jdk1.8.0_112\jre\lib\ext\zipfs.jar;C:\Program Files\Java\jdk1.8.0_112\jre\lib\javaws.jar;C:\Program Files\Java\jdk1.8.0_112\jre\lib\jce.jar;C:\Program Files\Java\jdk1.8.0_112\jre\lib\jfr.jar;C:\Program Files\Java\jdk1.8.0_112\jre\lib\jfxswt.jar;C:\Program Files\Java\jdk1.8.0_112\jre\lib\jsse.jar;C:\Program Files\Java\jdk1.8.0_112\jre\lib\management-agent.jar;C:\Program Files\Java\jdk1.8.0_112\jre\lib\plugin.jar;C:\Program Files\Java\jdk1.8.0_112\jre\lib\resources.jar;C:\Program Files\Java\jdk1.8.0_112\jre\lib\rt.jar;C:\Users\ipc\Documents\GitHub\toutiao\target\classes;C:\Users\ipc\.m2\repository\org\springframework\boot\spring-boot-starter-aop\1.3.8.RELEASE\spring-boot-starter-aop-1.3.8.RELEASE.jar;C:\Users\ipc\.m2\repository\org\springframework\boot\spring-boot-starter\1.3.8.RELEASE\spring-boot-starter-1.3.8.RELEASE.jar;C:\Users\ipc\.m2\repository\org\springframework\boot\spring-boot-starter-logging\1.3.8.RELEASE\spring-boot-starter-logging-1.3.8.RELEASE.jar;C:\Users\ipc\.m2\repository\ch\qos\logback\logback-classic\1.1.7\logback-classic-1.1.7.jar;C:\Users\ipc\.m2\repository\ch\qos\logback\logback-core\1.1.7\logback-core-1.1.7.jar;C:\Users\ipc\.m2\repo
Launcher Type: SUN_STANDARD

Environment Variables:
JAVA_HOME=D:\java\JDK 1.7
CLASSPATH=.;C:\Program Files (x86)\Java\jre1.8.0_31\lib\ext\QTJava.zip
PATH=C:\ProgramData\Oracle\Java\javapath;D:\java\JDK 1.7\bin;C:\Program Files (x86)\NVIDIA Corporation\PhysX\Common;C:\Program Files (x86)\Intel\iCLS Client\;C:\Program Files\Intel\iCLS Client\;C:\WINDOWS\system32;C:\WINDOWS;C:\WINDOWS\System32\Wbem;C:\Windows\system32;C:\Windows;C:\Windows\System32\Wbem;D:\sofeware\mysql\bin;C:\Windows\System32\WindowsPowerShell\v1.0\;C:\Program Files\Intel\Intel(R) Management Engine Components\DAL;C:\Program Files\Intel\Intel(R) Management Engine Components\IPT;C:\Program Files (x86)\Intel\Intel(R) Management Engine Components\DAL;C:\Program Files (x86)\Intel\Intel(R) Management Engine Components\IPT;C:\Program Files (x86)\Acer\abFiles\;C:\Windows\Microsoft.NET\Framework64\v4.0.30319;C:\Program Files (x86)\Microsoft SQL Server\100\Tools\Binn\;C:\Program Files\Microsoft SQL Server\100\Tools\Binn\;C:\Program Files\Microsoft SQL Server\100\DTS\Binn\;D:\安装的软件\QuickTime\QTSystem\;%SYS;EMROOT%\System32\WindowsPowerShell\v1.0\;C:\Program Files (x86)\Rational\common;C:\Program Files\TortoiseSVN\bin;C:\Program Files\Git\cmd;C:\Program Files\nodejs\;C:\Users\ipc\AppData\Local\Microsoft\WindowsApps;C:\apache-maven-3.3.3\bin;C:\Users\ipc\AppData\Roaming\npm;C:\Users\ipc\AppData\Local\Programs\Fiddler
USERNAME=ipc
OS=Windows_NT
PROCESSOR_IDENTIFIER=Intel64 Family 6 Model 60 Stepping 3, GenuineIntel



---------------  S Y S T E M  ---------------

OS: Windows 10.0 , 64 bit Build 14393 (10.0.14393.1198)

CPU:total 4 (2 cores per cpu, 2 threads per core) family 6 model 60 stepping 3, cmov, cx8, fxsr, mmx, sse, sse2, sse3, ssse3, sse4.1, sse4.2, popcnt, avx, avx2, aes, clmul, erms, lzcnt, ht, tsc, tscinvbit, bmi1, bmi2

Memory: 4k page, physical 8277272k(2621984k free), swap 11349272k(23236k free)

vm_info: Java HotSpot(TM) 64-Bit Server VM (25.112-b15) for windows-amd64 JRE (1.8.0_112-b15), built on Sep 22 2016 21:31:56 by "java_re" with MS VC++ 10.0 (VS2010)

time: Wed Aug 16 14:57:30 2017
elapsed time: 103 seconds (0d 0h 1m 43s)

