#
# There is insufficient memory for the Java Runtime Environment to continue.
# Native memory allocation (malloc) failed to allocate 1607552 bytes for Chunk::new
# Possible reasons:
#   The system is out of physical RAM or swap space
#   In 32 bit mode, the process size limit was hit
# Possible solutions:
#   Reduce memory load on the system
#   Increase physical memory or swap space
#   Check if swap backing store is full
#   Use 64 bit Java on a 64 bit OS
#   Decrease Java heap size (-Xmx/-Xms)
#   Decrease number of Java threads
#   Decrease Java thread stack sizes (-Xss)
#   Set larger code cache with -XX:ReservedCodeCacheSize=
# This output file may be truncated or incomplete.
#
#  Out of Memory Error (allocation.cpp:390), pid=12948, tid=0x0000000000006bdc
#
# JRE version: Java(TM) SE Runtime Environment (8.0_112-b15) (build 1.8.0_112-b15)
# Java VM: Java HotSpot(TM) 64-Bit Server VM (25.112-b15 mixed mode windows-amd64 compressed oops)
# Failed to write core dump. Minidumps are not enabled by default on client versions of Windows
#

---------------  T H R E A D  ---------------

Current thread (0x00000000194c2000):  JavaThread "C2 CompilerThread0" daemon [_thread_in_native, id=27612, stack(0x0000000019d90000,0x0000000019e90000)]

Stack: [0x0000000019d90000,0x0000000019e90000]
[error occurred during error reporting (printing stack bounds), id 0xc0000005]

Native frames: (J=compiled Java code, j=interpreted, Vv=VM code, C=native code)


Current CompileTask:
C2:  39142 4670       4       org.aspectj.weaver.JoinPointSignatureIterator::findSignaturesFromSupertypes (505 bytes)


---------------  P R O C E S S  ---------------

Java Threads: ( => current thread )
  0x000000001dc16000 JavaThread "Thread-6" [_thread_in_native, id=9352, stack(0x0000000023380000,0x0000000023480000)]
  0x000000001dc17000 JavaThread "MySQL Statement Cancellation Timer" daemon [_thread_blocked, id=15380, stack(0x0000000023280000,0x0000000023380000)]
  0x000000001dc11800 JavaThread "Abandoned connection cleanup thread" daemon [_thread_blocked, id=25492, stack(0x0000000023180000,0x0000000023280000)]
  0x000000001dc11000 JavaThread "Tomcat JDBC Pool Cleaner[414493378:1502870987417]" daemon [_thread_blocked, id=15232, stack(0x0000000023080000,0x0000000023180000)]
  0x000000001dc14000 JavaThread "container-0" [_thread_blocked, id=33160, stack(0x0000000022db0000,0x0000000022eb0000)]
  0x000000001f4f9000 JavaThread "ContainerBackgroundProcessor[StandardEngine[Tomcat].StandardHost[localhost].StandardContext[]]" daemon [_thread_blocked, id=22808, stack(0x0000000020120000,0x0000000020220000)]
  0x000000001b2b6800 JavaThread "restartedMain" [_thread_in_Java, id=15588, stack(0x000000001c0f0000,0x000000001c1f0000)]
  0x000000001aeaf000 JavaThread "Thread-0" [_thread_blocked, id=17740, stack(0x000000001bff0000,0x000000001c0f0000)]
  0x00000000194c6000 JavaThread "Service Thread" daemon [_thread_blocked, id=34200, stack(0x000000001a090000,0x000000001a190000)]
  0x000000001951c800 JavaThread "C1 CompilerThread2" daemon [_thread_blocked, id=33292, stack(0x0000000019f90000,0x000000001a090000)]
  0x00000000194bf000 JavaThread "C2 CompilerThread1" daemon [_thread_in_vm, id=2264, stack(0x0000000019e90000,0x0000000019f90000)]
=>0x00000000194c2000 JavaThread "C2 CompilerThread0" daemon [_thread_in_native, id=27612, stack(0x0000000019d90000,0x0000000019e90000)]
  0x00000000194b4000 JavaThread "JDWP Command Reader" daemon [_thread_in_native, id=26244, stack(0x0000000019c90000,0x0000000019d90000)]
  0x00000000194b0800 JavaThread "JDWP Event Helper Thread" daemon [_thread_blocked, id=30680, stack(0x0000000019b90000,0x0000000019c90000)]
  0x00000000194ac000 JavaThread "JDWP Transport Listener: dt_socket" daemon [_thread_blocked, id=34220, stack(0x0000000019a90000,0x0000000019b90000)]
  0x000000001819e800 JavaThread "Attach Listener" daemon [_thread_blocked, id=28612, stack(0x0000000019990000,0x0000000019a90000)]
  0x0000000018159000 JavaThread "Signal Dispatcher" daemon [_thread_blocked, id=26712, stack(0x0000000019890000,0x0000000019990000)]
  0x00000000035fe800 JavaThread "Finalizer" daemon [_thread_blocked, id=26976, stack(0x0000000019390000,0x0000000019490000)]
  0x00000000035f5000 JavaThread "Reference Handler" daemon [_thread_blocked, id=23356, stack(0x0000000019290000,0x0000000019390000)]
  0x0000000003505000 JavaThread "main" [_thread_blocked, id=17388, stack(0x0000000003400000,0x0000000003500000)]

Other Threads:
  0x0000000018108000 VMThread [stack: 0x0000000019190000,0x0000000019290000] [id=19360]
  0x000000001956d000 WatcherThread [stack: 0x000000001a190000,0x000000001a290000] [id=29184]

VM state:not at safepoint (normal execution)

VM Mutex/Monitor currently owned by a thread: None

Heap:
 PSYoungGen      total 140800K, used 118944K [0x00000000d5e00000, 0x00000000dfa00000, 0x0000000100000000)
  eden space 130048K, 91% used [0x00000000d5e00000,0x00000000dd228168,0x00000000ddd00000)
  from space 10752K, 0% used [0x00000000def80000,0x00000000def80000,0x00000000dfa00000)
  to   space 9728K, 0% used [0x00000000ddd00000,0x00000000ddd00000,0x00000000de680000)
 ParOldGen       total 62976K, used 22868K [0x0000000081a00000, 0x0000000085780000, 0x00000000d5e00000)
  object space 62976K, 36% used [0x0000000081a00000,0x0000000083055350,0x0000000085780000)
 Metaspace       used 41752K, capacity 42256K, committed 42752K, reserved 1087488K
  class space    used 4978K, capacity 5094K, committed 5120K, reserved 1048576K

Card table byte_map: [0x00000000129c0000,0x0000000012dc0000] byte_map_base: 0x00000000125b3000

Marking Bits: (ParMarkBitMap*) 0x00000000653ca6d0
 Begin Bits: [0x0000000013470000, 0x0000000015408000)
 End Bits:   [0x0000000015408000, 0x00000000173a0000)

Polling page: 0x0000000001690000

CodeCache: size=245760Kb used=16853Kb max_used=16876Kb free=228906Kb
 bounds [0x0000000003600000, 0x0000000004690000, 0x0000000012600000]
 total_blobs=4698 nmethods=4197 adapters=421
 compilation: enabled

Compilation events (10 events):
Event: 38.954 Thread 0x000000001951c800 4820   !   2       java.util.concurrent.ConcurrentHashMap$TreeBin::find (191 bytes)
Event: 38.957 Thread 0x000000001951c800 nmethod 4820 0x0000000004679e90 code [0x000000000467a040, 0x000000000467a518]
Event: 38.978 Thread 0x000000001951c800 4821       2       org.aspectj.weaver.TypeVariableReferenceType::hashCode (8 bytes)
Event: 38.978 Thread 0x000000001951c800 nmethod 4821 0x000000000467a7d0 code [0x000000000467a940, 0x000000000467aac8]
Event: 39.075 Thread 0x000000001951c800 4822   !   2       org.springframework.beans.factory.support.AbstractAutowireCapableBeanFactory::applyMergedBeanDefinitionPostProcessors (106 bytes)
Event: 39.078 Thread 0x000000001951c800 nmethod 4822 0x000000000467ab90 code [0x000000000467adc0, 0x000000000467b528]
Event: 39.089 Thread 0x000000001951c800 4823       2       org.springframework.beans.factory.support.AbstractAutowireCapableBeanFactory::applyBeanPostProcessorsBeforeInitialization (56 bytes)
Event: 39.091 Thread 0x000000001951c800 nmethod 4823 0x0000000004681790 code [0x0000000004681920, 0x0000000004681c18]
Event: 39.098 Thread 0x00000000194bf000 nmethod 4676 0x0000000004681dd0 code [0x00000000046821a0, 0x0000000004685038]
Event: 39.098 Thread 0x00000000194bf000 4817   !   4       org.aspectj.weaver.World::resolve (293 bytes)

GC Heap History (10 events):
Event: 16.728 GC heap before
{Heap before GC invocations=8 (full 1):
 PSYoungGen      total 76800K, used 6202K [0x00000000d5e00000, 0x00000000df300000, 0x0000000100000000)
  eden space 66560K, 0% used [0x00000000d5e00000,0x00000000d5e00000,0x00000000d9f00000)
  from space 10240K, 60% used [0x00000000d9f00000,0x00000000da50ea68,0x00000000da900000)
  to   space 9728K, 0% used [0x00000000de980000,0x00000000de980000,0x00000000df300000)
 ParOldGen       total 87552K, used 13443K [0x0000000081a00000, 0x0000000086f80000, 0x00000000d5e00000)
  object space 87552K, 15% used [0x0000000081a00000,0x0000000082720d48,0x0000000086f80000)
 Metaspace       used 20812K, capacity 21072K, committed 21296K, reserved 1069056K
  class space    used 2549K, capacity 2623K, committed 2688K, reserved 1048576K
Event: 16.964 GC heap after
Heap after GC invocations=8 (full 1):
 PSYoungGen      total 76800K, used 0K [0x00000000d5e00000, 0x00000000df300000, 0x0000000100000000)
  eden space 66560K, 0% used [0x00000000d5e00000,0x00000000d5e00000,0x00000000d9f00000)
  from space 10240K, 0% used [0x00000000d9f00000,0x00000000d9f00000,0x00000000da900000)
  to   space 9728K, 0% used [0x00000000de980000,0x00000000de980000,0x00000000df300000)
 ParOldGen       total 62976K, used 11357K [0x0000000081a00000, 0x0000000085780000, 0x00000000d5e00000)
  object space 62976K, 18% used [0x0000000081a00000,0x00000000825176c0,0x0000000085780000)
 Metaspace       used 20812K, capacity 21072K, committed 21296K, reserved 1069056K
  class space    used 2549K, capacity 2623K, committed 2688K, reserved 1048576K
}
Event: 22.323 GC heap before
{Heap before GC invocations=9 (full 1):
 PSYoungGen      total 76800K, used 66560K [0x00000000d5e00000, 0x00000000df300000, 0x0000000100000000)
  eden space 66560K, 100% used [0x00000000d5e00000,0x00000000d9f00000,0x00000000d9f00000)
  from space 10240K, 0% used [0x00000000d9f00000,0x00000000d9f00000,0x00000000da900000)
  to   space 9728K, 0% used [0x00000000de980000,0x00000000de980000,0x00000000df300000)
 ParOldGen       total 62976K, used 11357K [0x0000000081a00000, 0x0000000085780000, 0x00000000d5e00000)
  object space 62976K, 18% used [0x0000000081a00000,0x00000000825176c0,0x0000000085780000)
 Metaspace       used 26105K, capacity 26380K, committed 26624K, reserved 1073152K
  class space    used 3194K, capacity 3273K, committed 3328K, reserved 1048576K
Event: 22.358 GC heap after
Heap after GC invocations=9 (full 1):
 PSYoungGen      total 110592K, used 6321K [0x00000000d5e00000, 0x00000000df000000, 0x0000000100000000)
  eden space 103936K, 0% used [0x00000000d5e00000,0x00000000d5e00000,0x00000000dc380000)
  from space 6656K, 94% used [0x00000000de980000,0x00000000defac4d0,0x00000000df000000)
  to   space 9728K, 0% used [0x00000000ddd00000,0x00000000ddd00000,0x00000000de680000)
 ParOldGen       total 62976K, used 11365K [0x0000000081a00000, 0x0000000085780000, 0x00000000d5e00000)
  object space 62976K, 18% used [0x0000000081a00000,0x00000000825196c0,0x0000000085780000)
 Metaspace       used 26105K, capacity 26380K, committed 26624K, reserved 1073152K
  class space    used 3194K, capacity 3273K, committed 3328K, reserved 1048576K
}
Event: 28.006 GC heap before
{Heap before GC invocations=10 (full 1):
 PSYoungGen      total 110592K, used 110257K [0x00000000d5e00000, 0x00000000df000000, 0x0000000100000000)
  eden space 103936K, 100% used [0x00000000d5e00000,0x00000000dc380000,0x00000000dc380000)
  from space 6656K, 94% used [0x00000000de980000,0x00000000defac4d0,0x00000000df000000)
  to   space 9728K, 0% used [0x00000000ddd00000,0x00000000ddd00000,0x00000000de680000)
 ParOldGen       total 62976K, used 11365K [0x0000000081a00000, 0x0000000085780000, 0x00000000d5e00000)
  object space 62976K, 18% used [0x0000000081a00000,0x00000000825196c0,0x0000000085780000)
 Metaspace       used 29651K, capacity 29904K, committed 30336K, reserved 1075200K
  class space    used 3569K, capacity 3631K, committed 3712K, reserved 1048576K
Event: 28.085 GC heap after
Heap after GC invocations=10 (full 1):
 PSYoungGen      total 139776K, used 9719K [0x00000000d5e00000, 0x00000000dfa00000, 0x0000000100000000)
  eden space 130048K, 0% used [0x00000000d5e00000,0x00000000d5e00000,0x00000000ddd00000)
  from space 9728K, 99% used [0x00000000ddd00000,0x00000000de67de10,0x00000000de680000)
  to   space 10752K, 0% used [0x00000000def80000,0x00000000def80000,0x00000000dfa00000)
 ParOldGen       total 62976K, used 11672K [0x0000000081a00000, 0x0000000085780000, 0x00000000d5e00000)
  object space 62976K, 18% used [0x0000000081a00000,0x0000000082566248,0x0000000085780000)
 Metaspace       used 29651K, capacity 29904K, committed 30336K, reserved 1075200K
  class space    used 3569K, capacity 3631K, committed 3712K, reserved 1048576K
}
Event: 30.917 GC heap before
{Heap before GC invocations=11 (full 1):
 PSYoungGen      total 139776K, used 58685K [0x00000000d5e00000, 0x00000000dfa00000, 0x0000000100000000)
  eden space 130048K, 37% used [0x00000000d5e00000,0x00000000d8dd19a8,0x00000000ddd00000)
  from space 9728K, 99% used [0x00000000ddd00000,0x00000000de67de10,0x00000000de680000)
  to   space 10752K, 0% used [0x00000000def80000,0x00000000def80000,0x00000000dfa00000)
 ParOldGen       total 62976K, used 11672K [0x0000000081a00000, 0x0000000085780000, 0x00000000d5e00000)
  object space 62976K, 18% used [0x0000000081a00000,0x0000000082566248,0x0000000085780000)
 Metaspace       used 34957K, capacity 35228K, committed 35456K, reserved 1081344K
  class space    used 4156K, capacity 4209K, committed 4224K, reserved 1048576K
Event: 30.975 GC heap after
Heap after GC invocations=11 (full 1):
 PSYoungGen      total 140800K, used 10721K [0x00000000d5e00000, 0x00000000dfa00000, 0x0000000100000000)
  eden space 130048K, 0% used [0x00000000d5e00000,0x00000000d5e00000,0x00000000ddd00000)
  from space 10752K, 99% used [0x00000000def80000,0x00000000df9f87b8,0x00000000dfa00000)
  to   space 9728K, 0% used [0x00000000ddd00000,0x00000000ddd00000,0x00000000de680000)
 ParOldGen       total 62976K, used 15180K [0x0000000081a00000, 0x0000000085780000, 0x00000000d5e00000)
  object space 62976K, 24% used [0x0000000081a00000,0x00000000828d3048,0x0000000085780000)
 Metaspace       used 34957K, capacity 35228K, committed 35456K, reserved 1081344K
  class space    used 4156K, capacity 4209K, committed 4224K, reserved 1048576K
}
Event: 30.975 GC heap before
{Heap before GC invocations=12 (full 2):
 PSYoungGen      total 140800K, used 10721K [0x00000000d5e00000, 0x00000000dfa00000, 0x0000000100000000)
  eden space 130048K, 0% used [0x00000000d5e00000,0x00000000d5e00000,0x00000000ddd00000)
  from space 10752K, 99% used [0x00000000def80000,0x00000000df9f87b8,0x00000000dfa00000)
  to   space 9728K, 0% used [0x00000000ddd00000,0x00000000ddd00000,0x00000000de680000)
 ParOldGen       total 62976K, used 15180K [0x0000000081a00000, 0x0000000085780000, 0x00000000d5e00000)
  object space 62976K, 24% used [0x0000000081a00000,0x00000000828d3048,0x0000000085780000)
 Metaspace       used 34957K, capacity 35228K, committed 35456K, reserved 1081344K
  class space    used 4156K, capacity 4209K, committed 4224K, reserved 1048576K
Event: 31.365 GC heap after
Heap after GC invocations=12 (full 2):
 PSYoungGen      total 140800K, used 0K [0x00000000d5e00000, 0x00000000dfa00000, 0x0000000100000000)
  eden space 130048K, 0% used [0x00000000d5e00000,0x00000000d5e00000,0x00000000ddd00000)
  from space 10752K, 0% used [0x00000000def80000,0x00000000def80000,0x00000000dfa00000)
  to   space 9728K, 0% used [0x00000000ddd00000,0x00000000ddd00000,0x00000000de680000)
 ParOldGen       total 62976K, used 22868K [0x0000000081a00000, 0x0000000085780000, 0x00000000d5e00000)
  object space 62976K, 36% used [0x0000000081a00000,0x0000000083055350,0x0000000085780000)
 Metaspace       used 34957K, capacity 35228K, committed 35456K, reserved 1081344K
  class space    used 4156K, capacity 4209K, committed 4224K, reserved 1048576K
}

Deoptimization events (10 events):
Event: 35.023 Thread 0x000000001b2b6800 Uncommon trap: reason=bimorphic action=maybe_recompile pc=0x000000000449c834 method=java.net.URL.<init>(Ljava/net/URL;Ljava/lang/String;Ljava/net/URLStreamHandler;)V @ 504
Event: 35.023 Thread 0x000000001b2b6800 Uncommon trap: reason=unstable_if action=reinterpret pc=0x0000000003c9197c method=java.net.URLStreamHandler.parseURL(Ljava/net/URL;Ljava/lang/String;II)V @ 155
Event: 35.384 Thread 0x000000001b2b6800 Uncommon trap: reason=predicate action=maybe_recompile pc=0x00000000039cc4cc method=java.lang.String.regionMatches(ZILjava/lang/String;II)Z @ 63
Event: 37.391 Thread 0x000000001b2b6800 Uncommon trap: reason=unstable_if action=reinterpret pc=0x0000000003db9e88 method=org.aspectj.weaver.TypeFactory.createTypeFromSignature(Ljava/lang/String;)Lorg/aspectj/weaver/UnresolvedType; @ 9
Event: 38.848 Thread 0x000000001b2b6800 Uncommon trap: reason=class_check action=maybe_recompile pc=0x00000000044c479c method=java.lang.reflect.Array.newInstance(Ljava/lang/Class;I)Ljava/lang/Object; @ 2
Event: 38.849 Thread 0x000000001b2b6800 Uncommon trap: reason=class_check action=maybe_recompile pc=0x00000000044c479c method=java.lang.reflect.Array.newInstance(Ljava/lang/Class;I)Ljava/lang/Object; @ 2
Event: 38.850 Thread 0x000000001b2b6800 Uncommon trap: reason=class_check action=maybe_recompile pc=0x00000000044c479c method=java.lang.reflect.Array.newInstance(Ljava/lang/Class;I)Ljava/lang/Object; @ 2
Event: 38.851 Thread 0x000000001b2b6800 Uncommon trap: reason=class_check action=maybe_recompile pc=0x00000000044c479c method=java.lang.reflect.Array.newInstance(Ljava/lang/Class;I)Ljava/lang/Object; @ 2
Event: 38.932 Thread 0x000000001b2b6800 Uncommon trap: reason=bimorphic action=maybe_recompile pc=0x000000000439e3c4 method=org.aspectj.weaver.World.resolve(Lorg/aspectj/weaver/ResolvedType;)Lorg/aspectj/weaver/ResolvedType; @ 14
Event: 38.932 Thread 0x000000001b2b6800 Uncommon trap: reason=bimorphic action=maybe_recompile pc=0x000000000439e3c4 method=org.aspectj.weaver.World.resolve(Lorg/aspectj/weaver/ResolvedType;)Lorg/aspectj/weaver/ResolvedType; @ 14

Internal exceptions (10 events):
Event: 38.700 Thread 0x000000001b2b6800 Exception <a 'java/lang/ClassNotFoundException': org/springframework/web/servlet/view/velocity/VelocityViewResolverCustomizer> (0x00000000dc2cf798) thrown at [C:\re\workspace\8-2-build-windows-amd64-cygwin\jdk8u112\7884\hotspot\src\share\vm\classfile\syst
Event: 38.704 Thread 0x000000001b2b6800 Exception <a 'java/lang/ClassNotFoundException': org/springframework/boot/web/servlet/view/velocity/EmbeddedVelocityViewResolverCustomizer> (0x00000000dc2f9388) thrown at [C:\re\workspace\8-2-build-windows-amd64-cygwin\jdk8u112\7884\hotspot\src\share\vm\c
Event: 38.734 Thread 0x000000001b2b6800 Exception <a 'java/lang/ClassNotFoundException': java/lang/ObjectCustomizer> (0x00000000dc3a7eb8) thrown at [C:\re\workspace\8-2-build-windows-amd64-cygwin\jdk8u112\7884\hotspot\src\share\vm\classfile\systemDictionary.cpp, line 210]
Event: 38.739 Thread 0x000000001b2b6800 Exception <a 'java/lang/ClassNotFoundException': org/springframework/boot/autoconfigure/jdbc/DataSourceAutoConfiguration$JdbcTemplateConfigurationCustomizer> (0x00000000dc3d1208) thrown at [C:\re\workspace\8-2-build-windows-amd64-cygwin\jdk8u112\7884\hots
Event: 38.745 Thread 0x000000001b2b6800 Exception <a 'java/lang/ClassNotFoundException': org/springframework/boot/autoconfigure/jdbc/DataSourceAutoConfiguration$JdbcTemplateConfiguration$$EnhancerBySpringCGLIB$$3bc2ac79Customizer> (0x00000000dc402908) thrown at [C:\re\workspace\8-2-build-window
Event: 38.835 Thread 0x000000001b2b6800 Exception <a 'java/lang/ClassNotFoundException': java/lang/ObjectCustomizer> (0x00000000dc58e960) thrown at [C:\re\workspace\8-2-build-windows-amd64-cygwin\jdk8u112\7884\hotspot\src\share\vm\classfile\systemDictionary.cpp, line 210]
Event: 38.838 Thread 0x000000001b2b6800 Exception <a 'java/lang/ClassNotFoundException': org/springframework/jdbc/support/JdbcAccessorCustomizer> (0x00000000dc5a91d0) thrown at [C:\re\workspace\8-2-build-windows-amd64-cygwin\jdk8u112\7884\hotspot\src\share\vm\classfile\systemDictionary.cpp, lin
Event: 38.844 Thread 0x000000001b2b6800 Exception <a 'java/lang/ClassNotFoundException': org/springframework/jdbc/core/JdbcTemplateCustomizer> (0x00000000dc5c90a8) thrown at [C:\re\workspace\8-2-build-windows-amd64-cygwin\jdk8u112\7884\hotspot\src\share\vm\classfile\systemDictionary.cpp, line 2
Event: 39.081 Thread 0x000000001b2b6800 Exception <a 'java/lang/ClassNotFoundException': java/lang/ObjectCustomizer> (0x00000000dceb52e0) thrown at [C:\re\workspace\8-2-build-windows-amd64-cygwin\jdk8u112\7884\hotspot\src\share\vm\classfile\systemDictionary.cpp, line 210]
Event: 39.085 Thread 0x000000001b2b6800 Exception <a 'java/lang/ClassNotFoundException': org/springframework/jdbc/core/namedparam/NamedParameterJdbcTemplateCustomizer> (0x00000000dced5ef0) thrown at [C:\re\workspace\8-2-build-windows-amd64-cygwin\jdk8u112\7884\hotspot\src\share\vm\classfile\sys

Events (10 events):
Event: 39.085 Thread 0x000000001b2b6800 DEOPT PACKING pc=0x0000000003ddd89c sp=0x000000001c1ed8a0
Event: 39.085 Thread 0x000000001b2b6800 DEOPT UNPACKING pc=0x000000000364787f sp=0x000000001c1ed5f8 mode 1
Event: 39.093 Thread 0x000000001b2b6800 DEOPT PACKING pc=0x0000000003b25d8c sp=0x000000001c1ec710
Event: 39.094 Thread 0x000000001b2b6800 DEOPT UNPACKING pc=0x000000000364787f sp=0x000000001c1ec460 mode 1
Event: 39.094 Thread 0x000000001b2b6800 DEOPT PACKING pc=0x0000000003ba0efc sp=0x000000001c1ec790
Event: 39.094 Thread 0x000000001b2b6800 DEOPT UNPACKING pc=0x000000000364787f sp=0x000000001c1ec558 mode 1
Event: 39.095 Thread 0x000000001b2b6800 DEOPT PACKING pc=0x0000000003b25d8c sp=0x000000001c1ec2c0
Event: 39.095 Thread 0x000000001b2b6800 DEOPT UNPACKING pc=0x000000000364787f sp=0x000000001c1ec010 mode 1
Event: 39.095 Thread 0x000000001b2b6800 DEOPT PACKING pc=0x0000000003ba0efc sp=0x000000001c1ec340
Event: 39.095 Thread 0x000000001b2b6800 DEOPT UNPACKING pc=0x000000000364787f sp=0x000000001c1ec108 mode 1


Dynamic libraries:
0x00007ff6b50b0000 - 0x00007ff6b50e7000 	C:\Program Files\Java\jdk1.8.0_112\bin\java.exe
0x00007ff94cbf0000 - 0x00007ff94cdc1000 	C:\WINDOWS\SYSTEM32\ntdll.dll
0x00007ff94a630000 - 0x00007ff94a6dc000 	C:\WINDOWS\System32\KERNEL32.DLL
0x00007ff949d40000 - 0x00007ff949f5d000 	C:\WINDOWS\System32\KERNELBASE.dll
0x00007ff94a760000 - 0x00007ff94a802000 	C:\WINDOWS\System32\ADVAPI32.dll
0x00007ff94ab40000 - 0x00007ff94abde000 	C:\WINDOWS\System32\msvcrt.dll
0x00007ff94b090000 - 0x00007ff94b0e9000 	C:\WINDOWS\System32\sechost.dll
0x00007ff94a810000 - 0x00007ff94a931000 	C:\WINDOWS\System32\RPCRT4.dll
0x00007ff94abe0000 - 0x00007ff94ad45000 	C:\WINDOWS\System32\USER32.dll
0x00007ff949f60000 - 0x00007ff949f7e000 	C:\WINDOWS\System32\win32u.dll
0x00007ff94ad50000 - 0x00007ff94ad84000 	C:\WINDOWS\System32\GDI32.dll
0x00007ff949a60000 - 0x00007ff949be0000 	C:\WINDOWS\System32\gdi32full.dll
0x00007ff93c3f0000 - 0x00007ff93c66a000 	C:\WINDOWS\WinSxS\amd64_microsoft.windows.common-controls_6595b64144ccf1df_6.0.14393.953_none_42151e83c686086b\COMCTL32.dll
0x00007ff94c8c0000 - 0x00007ff94cb88000 	C:\WINDOWS\System32\combase.dll
0x00007ff949c40000 - 0x00007ff949d35000 	C:\WINDOWS\System32\ucrtbase.dll
0x00007ff9499f0000 - 0x00007ff949a5a000 	C:\WINDOWS\System32\bcryptPrimitives.dll
0x00007ff94aff0000 - 0x00007ff94b01e000 	C:\WINDOWS\System32\IMM32.DLL
0x0000000065f50000 - 0x0000000066022000 	C:\Program Files\Java\jdk1.8.0_112\jre\bin\msvcr100.dll
0x0000000064bb0000 - 0x000000006544a000 	C:\Program Files\Java\jdk1.8.0_112\jre\bin\server\jvm.dll
0x00007ff94b3a0000 - 0x00007ff94b3a8000 	C:\WINDOWS\System32\PSAPI.DLL
0x00007ff940470000 - 0x00007ff940479000 	C:\WINDOWS\SYSTEM32\WSOCK32.dll
0x00007ff947270000 - 0x00007ff947293000 	C:\WINDOWS\SYSTEM32\WINMM.dll
0x00007ff93a300000 - 0x00007ff93a30a000 	C:\WINDOWS\SYSTEM32\VERSION.dll
0x00007ff94b020000 - 0x00007ff94b08a000 	C:\WINDOWS\System32\WS2_32.dll
0x00007ff947240000 - 0x00007ff94726b000 	C:\WINDOWS\SYSTEM32\WINMMBASE.dll
0x00007ff9492c0000 - 0x00007ff949302000 	C:\WINDOWS\System32\cfgmgr32.dll
0x0000000065e40000 - 0x0000000065e4f000 	C:\Program Files\Java\jdk1.8.0_112\jre\bin\verify.dll
0x0000000065a30000 - 0x0000000065a59000 	C:\Program Files\Java\jdk1.8.0_112\jre\bin\java.dll
0x0000000065770000 - 0x00000000657a5000 	C:\Program Files\Java\jdk1.8.0_112\jre\bin\jdwp.dll
0x0000000065e30000 - 0x0000000065e38000 	C:\Program Files\Java\jdk1.8.0_112\jre\bin\npt.dll
0x0000000065a10000 - 0x0000000065a26000 	C:\Program Files\Java\jdk1.8.0_112\jre\bin\zip.dll
0x00007ff94b3b0000 - 0x00007ff94c8b8000 	C:\WINDOWS\System32\SHELL32.dll
0x00007ff949310000 - 0x00007ff9499ea000 	C:\WINDOWS\System32\windows.storage.dll
0x00007ff949080000 - 0x00007ff9490cc000 	C:\WINDOWS\System32\powrprof.dll
0x00007ff94a5d0000 - 0x00007ff94a622000 	C:\WINDOWS\System32\shlwapi.dll
0x00007ff9490e0000 - 0x00007ff9490ef000 	C:\WINDOWS\System32\kernel.appcore.dll
0x00007ff94a030000 - 0x00007ff94a0d9000 	C:\WINDOWS\System32\shcore.dll
0x00007ff949060000 - 0x00007ff949074000 	C:\WINDOWS\System32\profapi.dll
0x0000000065a00000 - 0x0000000065a09000 	C:\Program Files\Java\jdk1.8.0_112\jre\bin\dt_socket.dll
0x00007ff948900000 - 0x00007ff94895c000 	C:\WINDOWS\system32\mswsock.dll
0x0000000065720000 - 0x000000006572d000 	C:\Program Files\Java\jdk1.8.0_112\jre\bin\management.dll
0x0000000065750000 - 0x000000006576a000 	C:\Program Files\Java\jdk1.8.0_112\jre\bin\net.dll
0x00007ff93b7a0000 - 0x00007ff93b7b6000 	C:\WINDOWS\system32\napinsp.dll
0x00007ff93b7c0000 - 0x00007ff93b7da000 	C:\WINDOWS\system32\pnrpnsp.dll
0x00007ff946cf0000 - 0x00007ff946d08000 	C:\WINDOWS\system32\NLAapi.dll
0x00007ff9486c0000 - 0x00007ff948761000 	C:\WINDOWS\SYSTEM32\DNSAPI.dll
0x00007ff94a750000 - 0x00007ff94a758000 	C:\WINDOWS\System32\NSI.dll
0x00007ff948680000 - 0x00007ff9486b8000 	C:\WINDOWS\SYSTEM32\IPHLPAPI.DLL
0x00007ff93b810000 - 0x00007ff93b81e000 	C:\WINDOWS\System32\winrnr.dll
0x00007ff940460000 - 0x00007ff94046a000 	C:\Windows\System32\rasadhlp.dll
0x00007ff941930000 - 0x00007ff94199a000 	C:\WINDOWS\System32\fwpuclnt.dll
0x00007ff948fa0000 - 0x00007ff948fcb000 	C:\WINDOWS\SYSTEM32\bcrypt.dll
0x0000000065730000 - 0x0000000065741000 	C:\Program Files\Java\jdk1.8.0_112\jre\bin\nio.dll
0x00007ff948aa0000 - 0x00007ff948ab7000 	C:\WINDOWS\SYSTEM32\CRYPTSP.dll
0x00007ff948500000 - 0x00007ff948533000 	C:\WINDOWS\system32\rsaenh.dll
0x00007ff948790000 - 0x00007ff9487af000 	C:\WINDOWS\SYSTEM32\USERENV.dll
0x00007ff948ac0000 - 0x00007ff948acb000 	C:\WINDOWS\SYSTEM32\CRYPTBASE.dll
0x00007ff944cd0000 - 0x00007ff944ce6000 	C:\WINDOWS\SYSTEM32\dhcpcsvc6.DLL
0x00007ff943b70000 - 0x00007ff943b8a000 	C:\WINDOWS\SYSTEM32\dhcpcsvc.DLL
0x00000000656f0000 - 0x0000000065714000 	C:\Program Files\Java\jdk1.8.0_112\jre\bin\sunec.dll

VM Arguments:
jvm_args: -agentlib:jdwp=transport=dt_socket,address=127.0.0.1:10380,suspend=y,server=n -Dspring.output.ansi.enabled=always -Dfile.encoding=UTF-8 
java_command: zhku.peishen.toutiao.ToutiaoApplication
java_class_path (initial): C:\Program Files\Java\jdk1.8.0_112\jre\lib\charsets.jar;C:\Program Files\Java\jdk1.8.0_112\jre\lib\deploy.jar;C:\Program Files\Java\jdk1.8.0_112\jre\lib\ext\access-bridge-64.jar;C:\Program Files\Java\jdk1.8.0_112\jre\lib\ext\cldrdata.jar;C:\Program Files\Java\jdk1.8.0_112\jre\lib\ext\dnsns.jar;C:\Program Files\Java\jdk1.8.0_112\jre\lib\ext\jaccess.jar;C:\Program Files\Java\jdk1.8.0_112\jre\lib\ext\jfxrt.jar;C:\Program Files\Java\jdk1.8.0_112\jre\lib\ext\localedata.jar;C:\Program Files\Java\jdk1.8.0_112\jre\lib\ext\nashorn.jar;C:\Program Files\Java\jdk1.8.0_112\jre\lib\ext\sunec.jar;C:\Program Files\Java\jdk1.8.0_112\jre\lib\ext\sunjce_provider.jar;C:\Program Files\Java\jdk1.8.0_112\jre\lib\ext\sunmscapi.jar;C:\Program Files\Java\jdk1.8.0_112\jre\lib\ext\sunpkcs11.jar;C:\Program Files\Java\jdk1.8.0_112\jre\lib\ext\zipfs.jar;C:\Program Files\Java\jdk1.8.0_112\jre\lib\javaws.jar;C:\Program Files\Java\jdk1.8.0_112\jre\lib\jce.jar;C:\Program Files\Java\jdk1.8.0_112\jre\lib\jfr.jar;C:\Program Files\Java\jdk1.8.0_112\jre\lib\jfxswt.jar;C:\Program Files\Java\jdk1.8.0_112\jre\lib\jsse.jar;C:\Program Files\Java\jdk1.8.0_112\jre\lib\management-agent.jar;C:\Program Files\Java\jdk1.8.0_112\jre\lib\plugin.jar;C:\Program Files\Java\jdk1.8.0_112\jre\lib\resources.jar;C:\Program Files\Java\jdk1.8.0_112\jre\lib\rt.jar;C:\Users\ipc\Documents\GitHub\toutiao\target\classes;C:\Users\ipc\.m2\repository\org\springframework\boot\spring-boot-starter-aop\1.3.8.RELEASE\spring-boot-starter-aop-1.3.8.RELEASE.jar;C:\Users\ipc\.m2\repository\org\springframework\boot\spring-boot-starter\1.3.8.RELEASE\spring-boot-starter-1.3.8.RELEASE.jar;C:\Users\ipc\.m2\repository\org\springframework\boot\spring-boot-starter-logging\1.3.8.RELEASE\spring-boot-starter-logging-1.3.8.RELEASE.jar;C:\Users\ipc\.m2\repository\ch\qos\logback\logback-classic\1.1.7\logback-classic-1.1.7.jar;C:\Users\ipc\.m2\repository\ch\qos\logback\logback-core\1.1.7\logback-core-1.1.7.jar;C:\Users\ipc\.m2\repo
Launcher Type: SUN_STANDARD

Environment Variables:
JAVA_HOME=D:\java\JDK 1.7
CLASSPATH=.;C:\Program Files (x86)\Java\jre1.8.0_31\lib\ext\QTJava.zip
PATH=C:\ProgramData\Oracle\Java\javapath;D:\java\JDK 1.7\bin;C:\Program Files (x86)\NVIDIA Corporation\PhysX\Common;C:\Program Files (x86)\Intel\iCLS Client\;C:\Program Files\Intel\iCLS Client\;C:\WINDOWS\system32;C:\WINDOWS;C:\WINDOWS\System32\Wbem;C:\Windows\system32;C:\Windows;C:\Windows\System32\Wbem;D:\sofeware\mysql\bin;C:\Windows\System32\WindowsPowerShell\v1.0\;C:\Program Files\Intel\Intel(R) Management Engine Components\DAL;C:\Program Files\Intel\Intel(R) Management Engine Components\IPT;C:\Program Files (x86)\Intel\Intel(R) Management Engine Components\DAL;C:\Program Files (x86)\Intel\Intel(R) Management Engine Components\IPT;C:\Program Files (x86)\Acer\abFiles\;C:\Windows\Microsoft.NET\Framework64\v4.0.30319;C:\Program Files (x86)\Microsoft SQL Server\100\Tools\Binn\;C:\Program Files\Microsoft SQL Server\100\Tools\Binn\;C:\Program Files\Microsoft SQL Server\100\DTS\Binn\;D:\安装的软件\QuickTime\QTSystem\;%SYS;EMROOT%\System32\WindowsPowerShell\v1.0\;C:\Program Files (x86)\Rational\common;C:\Program Files\TortoiseSVN\bin;C:\Program Files\Git\cmd;C:\Program Files\nodejs\;C:\Users\ipc\AppData\Local\Microsoft\WindowsApps;C:\apache-maven-3.3.3\bin;C:\Users\ipc\AppData\Roaming\npm;C:\Users\ipc\AppData\Local\Programs\Fiddler
USERNAME=ipc
OS=Windows_NT
PROCESSOR_IDENTIFIER=Intel64 Family 6 Model 60 Stepping 3, GenuineIntel



---------------  S Y S T E M  ---------------

OS: Windows 10.0 , 64 bit Build 14393 (10.0.14393.1198)

CPU:total 4 (2 cores per cpu, 2 threads per core) family 6 model 60 stepping 3, cmov, cx8, fxsr, mmx, sse, sse2, sse3, ssse3, sse4.1, sse4.2, popcnt, avx, avx2, aes, clmul, erms, lzcnt, ht, tsc, tscinvbit, bmi1, bmi2

Memory: 4k page, physical 8277272k(2833172k free), swap 11349272k(5132k free)

vm_info: Java HotSpot(TM) 64-Bit Server VM (25.112-b15) for windows-amd64 JRE (1.8.0_112-b15), built on Sep 22 2016 21:31:56 by "java_re" with MS VC++ 10.0 (VS2010)

time: Wed Aug 16 16:09:56 2017
elapsed time: 39 seconds (0d 0h 0m 39s)

